<?xml version="1.0" encoding="UTF-8"?>
<!-- Generated by org.testng.reporters.JUnitReportReporter -->
<testsuite skipped="0" hostname="IN5CG532378C" name="Testrunner.Testrunner" tests="1" failures="0" timestamp="24 Jul 2019 08:44:24 GMT" time="140.190" errors="0">
  <testcase name="feature" time="140.190" classname="Testrunner.Testrunner"/>
</testsuite> <!-- Testrunner.Testrunner -->
